<?xml version="1.0" encoding="UTF-8" standalone="no"?>
<!DOCTYPE log SYSTEM "logger.dtd">
<log>
<record>
  <date>2016-09-01T16:03:53</date>
  <millis>1472717033070</millis>
  <sequence>11</sequence>
  <logger>com.txsing.conhub.mgprocor</logger>
  <level>INFO</level>
  <class>com.txsing.conhub.mgprocor.DockerFileWatcher</class>
  <method>processEvents</method>
  <thread>15</thread>
  <message>DIR: /var/lib/docker/image/aufs/ MONITORED</message>
</record>
<record>
  <date>2016-09-01T16:04:25</date>
  <millis>1472717065113</millis>
  <sequence>12</sequence>
  <logger>com.txsing.conhub.mgprocor</logger>
  <level>INFO</level>
  <class>com.txsing.conhub.mgprocor.DockerFileWatcher</class>
  <method>processEvents</method>
  <thread>11</thread>
  <message>IMAGE SYNC TRIGGERED</message>
</record>
<record>
  <date>2016-09-01T16:04:25</date>
  <millis>1472717065175</millis>
  <sequence>13</sequence>
  <logger>com.txsing.conhub.mgprocor</logger>
  <level>INFO</level>
  <class>com.txsing.conhub.mgprocor.Synchro</class>
  <method>syncImamge</method>
  <thread>11</thread>
  <message>INSERT IMAGE INTO DB: .tmp-2b8fd97</message>
</record>
<record>
  <date>2016-09-01T16:04:25</date>
  <millis>1472717065180</millis>
  <sequence>14</sequence>
  <logger>com.txsing.conhub.mgprocor</logger>
  <level>INFO</level>
  <class>com.txsing.conhub.mgprocor.DockerFileWatcher</class>
  <method>processEvents</method>
  <thread>11</thread>
  <message>IMAGE SYNC TRIGGERED</message>
</record>
<record>
  <date>2016-09-01T16:04:25</date>
  <millis>1472717065186</millis>
  <sequence>15</sequence>
  <logger>com.txsing.conhub.mgprocor</logger>
  <level>INFO</level>
  <class>com.txsing.conhub.mgprocor.DockerFileWatcher</class>
  <method>processEvents</method>
  <thread>11</thread>
  <message>IMAGE SYNC TRIGGERED</message>
</record>
<record>
  <date>2016-09-01T16:04:25</date>
  <millis>1472717065192</millis>
  <sequence>16</sequence>
  <logger>com.txsing.conhub.mgprocor</logger>
  <level>INFO</level>
  <class>com.txsing.conhub.mgprocor.Synchro</class>
  <method>syncImamge</method>
  <thread>11</thread>
  <message>DELEFROM IMAGE FROM DB: .tmp-2b8fd97</message>
</record>
<record>
  <date>2016-09-01T16:04:25</date>
  <millis>1472717065194</millis>
  <sequence>17</sequence>
  <logger>com.txsing.conhub.mgprocor</logger>
  <level>INFO</level>
  <class>com.txsing.conhub.mgprocor.DockerFileWatcher</class>
  <method>processEvents</method>
  <thread>11</thread>
  <message>IMAGE SYNC TRIGGERED</message>
</record>
<record>
  <date>2016-09-01T16:04:25</date>
  <millis>1472717065243</millis>
  <sequence>19</sequence>
  <logger>com.txsing.conhub.mgprocor</logger>
  <level>INFO</level>
  <class>com.txsing.conhub.mgprocor.Synchro</class>
  <method>syncImamge</method>
  <thread>11</thread>
  <message>INSERT IMAGE INTO DB: 2b8fd9751c4c</message>
</record>
<record>
  <date>2016-09-01T16:04:25</date>
  <millis>1472717065726</millis>
  <sequence>20</sequence>
  <logger>com.txsing.conhub.mgprocor</logger>
  <level>INFO</level>
  <class>com.txsing.conhub.mgprocor.DockerFileWatcher</class>
  <method>processEvents</method>
  <thread>15</thread>
  <message>REPO SYNC TRIGGERED</message>
</record>
<record>
  <date>2016-09-01T16:06:03</date>
  <millis>1472717163578</millis>
  <sequence>21</sequence>
  <logger>com.txsing.conhub.mgprocor</logger>
  <level>INFO</level>
  <class>com.txsing.conhub.mgprocor.DockerFileWatcher</class>
  <method>processEvents</method>
  <thread>15</thread>
  <message>REPO SYNC TRIGGERED</message>
</record>
<record>
  <date>2016-09-01T16:06:03</date>
  <millis>1472717163610</millis>
  <sequence>22</sequence>
  <logger>com.txsing.conhub.mgprocor</logger>
  <level>INFO</level>
  <class>com.txsing.conhub.mgprocor.Synchro</class>
  <method>syncRepo</method>
  <thread>15</thread>
  <message>INSERT TAG &gt; busybox:1.25</message>
</record>
